<?xml version="1.0" encoding="UTF-8"?>
<!-- Generated by org.testng.reporters.JUnitReportReporter -->
<testsuite hostname="WIN-VD2A22OR3A2" name="com.example.tests.GroupCreationTests" tests="2" failures="0" timestamp="19 Feb 2015 13:05:54 GMT" time="1.796" errors="0">
  <testcase name="testNonEmptyGroupCreation" time="0.812" classname="com.example.tests.GroupCreationTests"/>
  <testcase name="testEmptyGroupCreation" time="0.984" classname="com.example.tests.GroupCreationTests"/>
</testsuite> <!-- com.example.tests.GroupCreationTests -->
