<?xml version="1.0" encoding="UTF-8"?>
<!-- Generated by org.testng.reporters.JUnitReportReporter -->
<testsuite hostname="WIN-VD2A22OR3A2" name="com.example.tests.AnotherGroupCreationTests" tests="2" failures="0" timestamp="19 Feb 2015 13:05:54 GMT" time="1.516" errors="0">
  <testcase name="testEmptyGroupCreation" time="0.750" classname="com.example.tests.AnotherGroupCreationTests"/>
  <testcase name="testNonEmptyGroupCreation" time="0.766" classname="com.example.tests.AnotherGroupCreationTests"/>
</testsuite> <!-- com.example.tests.AnotherGroupCreationTests -->
